<?xml version="1.0" encoding="UTF-8"?>
<!-- Generated by org.testng.reporters.JUnitReportReporter -->
<testsuite hostname="SiddhiRao-FVFGWQ7VQ05D" failures="0" tests="1" name="percy.test.percyWebURL" time="16.201" errors="0" timestamp="1 Dec 2022 11:52:12 GMT">
  <testcase classname="percy.test.percyWebURL" name="snapshotCompare" time="16.201"/>
</testsuite> <!-- percy.test.percyWebURL -->
